        time        Date       Min_N       Org_N    Manure_N    Litter_N     Ammon_N       All_N       water      Denitr       CFlux
  39173.0000,  04/01/2007,    719.4697,  19565.6543,      0.0000,      0.0000,      0.0000,  20285.1250,   3142.4670,      0.0000,      0.0000
  39174.0000,  04/02/2007,    719.4072,  19565.0547,      0.0000,      0.0000,      0.5935,  20285.0547,   3118.3540,      0.0000,     -0.0621
  39175.0000,  04/03/2007,    719.3431,  19564.4707,      0.0000,      0.0000,      1.1680,  20284.9824,   3110.2292,      0.0000,     -0.1263
  39176.0000,  04/04/2007,    719.2731,  19563.9512,      0.0000,      0.0000,      1.6977,  20284.9219,   3092.8127,      0.0000,     -0.1966
  39177.0000,  04/05/2007,    719.1903,  19563.4590,      0.0000,      0.0000,      2.1755,  20284.8242,   3072.5815,      0.0000,     -0.2796
  39178.0000,  04/06/2007,    719.0923,  19563.0156,      0.0000,      0.0000,      2.6233,  20284.7305,   3056.2329,      0.0000,     -0.3777
  39179.0000,  04/07/2007,    718.9777,  19562.6133,      0.0000,      0.0000,      3.0448,  20284.6367,   3031.7617,      0.0000,     -0.4920
  39180.0000,  04/08/2007,    718.8502,  19562.2031,      0.0000,      0.0000,      3.4449,  20284.4980,   3009.0354,      0.0000,     -0.6192
  39181.0000,  04/09/2007,    718.7138,  19561.8047,      0.0000,      0.0000,      3.8333,  20284.3516,   2990.2983,      0.0000,     -0.7562
  39182.0000,  04/10/2007,    718.5687,  19561.4219,      0.0000,      0.0000,      4.2160,  20284.2070,   2974.5601,      0.0000,     -0.9014
  39183.0000,  04/11/2007,    718.4185,  19561.0273,      0.0000,      0.0000,      4.5886,  20284.0332,   3001.5767,      0.0000,     -1.0519
  39184.0000,  04/12/2007,    718.2644,  19560.6660,      0.0000,      0.0000,      4.9446,  20283.8750,   3002.2014,      0.0000,     -1.2052
  39185.0000,  04/13/2007,    718.1106,  19560.3262,      0.0000,      0.0000,      5.2915,  20283.7285,   2988.2117,      0.0000,     -1.3595
  39186.0000,  04/14/2007,    717.9567,  19559.9883,      0.0000,      0.0000,      5.6397,  20283.5859,   2973.2026,      0.0000,     -1.5134
  39187.0000,  04/15/2007,    717.8045,  19559.6445,      0.0000,      0.0000,      5.9932,  20283.4434,   2953.3545,      0.0000,     -1.6657
  39188.0000,  04/16/2007,    717.6540,  19559.2676,      0.0000,      0.0000,      6.3640,  20283.2852,   2930.4404,      0.0000,     -1.8157
  39189.0000,  04/17/2007,    717.5069,  19558.8672,      0.0000,      0.0000,      6.7738,  20283.1484,   2914.7078,      0.0000,     -1.9632
  39190.0000,  04/18/2007,    717.3611,  19558.4551,      0.0000,      0.0000,      7.2077,  20283.0234,   2901.7546,      0.0000,     -2.1087
  39191.0000,  04/19/2007,    717.2180,  19557.9922,      0.0000,      0.0000,      7.6722,  20282.8828,   2890.4341,      0.0000,     -2.2516
  39192.0000,  04/20/2007,    717.0783,  19557.5293,      0.0000,      0.0000,      8.1324,  20282.7402,   2879.7517,      0.0000,     -2.3918
  39193.0000,  04/21/2007,    716.9416,  19557.0391,      0.0000,      0.0000,      8.6327,  20282.6133,   2869.9890,      0.0000,     -2.5290
  39194.0000,  04/22/2007,    716.8074,  19556.4766,      0.0000,      0.0000,      9.1898,  20282.4727,   2860.8325,      0.0000,     -2.6631
  39195.0000,  04/23/2007,    716.6758,  19555.9258,      0.0000,      0.0000,      9.7327,  20282.3340,   2859.4880,      0.0000,     -2.7939
  39196.0000,  04/24/2007,    716.5493,  19555.3633,      0.0000,      0.0000,     10.2839,  20282.1953,   2848.2019,      0.0000,     -2.9213
  39197.0000,  04/25/2007,    716.4248,  19554.9355,      0.0000,      0.0000,     10.7446,  20282.1035,   3037.8428,      0.0000,     -3.0453
  39198.0000,  04/26/2007,    716.3049,  19554.5508,      0.0000,      0.0000,     11.1326,  20281.9883,   3049.4297,      0.0000,     -3.1661
  39199.0000,  04/27/2007,    716.1862,  19554.1738,      0.0000,      0.0000,     11.5135,  20281.8730,   3027.8362,      0.0000,     -3.2846
  39200.0000,  04/28/2007,    716.0698,  19553.7754,      0.0000,      0.0000,     11.9092,  20281.7559,   3008.9587,      0.0000,     -3.4007
  39201.0000,  04/29/2007,    715.9561,  19553.3574,      0.0000,      0.0000,     12.3317,  20281.6445,   2973.9692,      0.0000,     -3.5143
  39202.0000,  04/30/2007,    830.8448,  19552.8750,      0.0000,      0.0000,     12.8074,  20396.5273,   2942.6423,      0.0000,     -3.6255
  39203.0000,  05/01/2007,    830.7354,  19552.3086,      0.0000,      0.0000,     13.3553,  20396.4004,   2923.1370,      0.0000,     -3.7347
  39204.0000,  05/02/2007,    830.6292,  19551.7578,      0.0000,      0.0000,     13.9218,  20396.3086,   2906.8193,      0.0000,     -3.8423
  39205.0000,  05/03/2007,    830.5220,  19551.2207,      0.0000,      0.0000,     14.4697,  20396.2129,   2893.9385,      0.0000,     -3.9488
  39206.0000,  05/04/2007,    830.4156,  19550.6777,      0.0000,      0.0000,     15.0033,  20396.0977,   2894.2834,      0.0000,     -4.0547
  39207.0000,  05/05/2007,    830.3098,  19550.1172,      0.0000,      0.0000,     15.5565,  20395.9844,   2882.5005,      0.0000,     -4.1603
  39208.0000,  05/06/2007,    830.2051,  19549.5938,      0.0000,      0.0000,     16.1055,  20395.9043,   2985.2095,      0.0000,     -4.2658
  39209.0000,  05/07/2007,    830.0992,  19549.1016,      0.0000,      0.0000,     16.5890,  20395.7910,   3057.3713,      0.0000,     -4.3711
  39210.0000,  05/08/2007,    829.9948,  19548.6406,      0.0000,      0.0000,     17.0574,  20395.6914,   3049.2061,      0.0000,     -4.4762
  39211.0000,  05/09/2007,    829.8895,  19548.1602,      0.0000,      0.0000,     17.5454,  20395.5938,   3017.4846,      0.0000,     -4.5809
  39212.0000,  05/10/2007,    829.7858,  19547.6367,      0.0000,      0.0000,     18.0639,  20395.4863,   2990.5979,      0.0000,     -4.6850
  39213.0000,  05/11/2007,    829.6826,  19547.0605,      0.0000,      0.0000,     18.6283,  20395.3711,   2959.9302,      0.0000,     -4.7884
  39214.0000,  05/12/2007,    829.5620,  19546.4473,      0.0000,      0.0000,     19.2540,  20395.2637,   2935.8896,      0.0000,     -4.8911
  39215.0000,  05/13/2007,    829.4126,  19545.7285,      0.0000,      0.0000,     19.9587,  20395.0996,   2917.4641,      0.0000,     -4.9936
  39216.0000,  05/14/2007,    829.2557,  19544.9805,      0.0000,      0.0000,     20.7074,  20394.9434,   2901.8474,      0.0000,     -5.0962
  39217.0000,  05/15/2007,    829.0871,  19544.1855,      0.0000,      0.0000,     21.4912,  20394.7656,   2929.8010,      0.0000,     -5.1996
  39218.0000,  05/16/2007,    828.9094,  19543.5430,      0.0000,      0.0000,     22.1439,  20394.5977,   2925.0457,      0.0000,     -5.3038
  39219.0000,  05/17/2007,    828.7199,  19542.9531,      0.0000,      0.0000,     22.7453,  20394.4199,   2901.1594,      0.0000,     -5.4090
  39220.0000,  05/18/2007,    828.5208,  19542.3379,      0.0000,      0.0000,     23.3437,  20394.2031,   2881.1052,      0.0000,     -5.5152
  39221.0000,  05/19/2007,    828.3068,  19541.7031,      0.0000,      0.0000,     23.9707,  20393.9805,   2866.8711,      0.0000,     -5.6220
  39222.0000,  05/20/2007,    828.0712,  19541.0293,      0.0000,      0.0000,     24.6500,  20393.7500,   2855.4763,      0.0000,     -5.7291
  39223.0000,  05/21/2007,    827.8021,  19540.3086,      0.0000,      0.0000,     25.3834,  20393.4941,   2844.8130,      0.0000,     -5.8363
  39224.0000,  05/22/2007,    827.4844,  19539.5371,      0.0000,      0.0000,     26.1508,  20393.1719,   2834.7642,      0.0000,     -5.9433
  39225.0000,  05/23/2007,    827.1006,  19538.7754,      0.0000,      0.0000,     26.9071,  20392.7812,   2826.6577,      0.0000,     -6.0497
  39226.0000,  05/24/2007,    826.6180,  19538.0020,      0.0000,      0.0000,     27.6779,  20392.2969,   2857.5933,      0.0000,     -6.1552
  39227.0000,  05/25/2007,    825.9882,  19537.3379,      0.0000,      0.0000,     28.3335,  20391.6602,   2911.2808,      0.0000,     -6.2599
  39228.0000,  05/26/2007,    825.1277,  19536.6914,      0.0000,      0.0000,     28.9811,  20390.7988,   2884.0359,      0.0000,     -6.3633
  39229.0000,  05/27/2007,    823.9012,  19536.0566,      0.0000,      0.0000,     29.6396,  20389.5957,   2880.1184,      0.0000,     -6.4659
  39230.0000,  05/28/2007,    822.1661,  19535.3848,      0.0000,      0.0000,     30.2910,  20387.8418,   2862.0173,      0.0000,     -6.5675
  39231.0000,  05/29/2007,    819.6774,  19534.6953,      0.0000,      0.0000,     30.9848,  20385.3574,   2847.3655,      0.0000,     -6.6680
  39232.0000,  05/30/2007,    816.5196,  19533.9844,      0.0000,      0.0000,     31.7107,  20382.2148,   2854.1714,      0.0000,     -6.7674
  39233.0000,  05/31/2007,    812.8905,  19533.2500,      0.0000,      0.0000,     32.4309,  20378.5723,   2841.8513,      0.0000,     -6.8654
  39234.0000,  06/01/2007,    808.7288,  19532.5371,      0.0000,      0.0000,     33.1342,  20374.4004,   2873.2881,      0.0000,     -6.9621
  39235.0000,  06/02/2007,    803.9631,  19531.8652,      0.0000,      0.0000,     33.8129,  20369.6406,   2859.3857,      0.0000,     -7.0575
  39236.0000,  06/03/2007,    798.5272,  19531.1875,      0.0000,      0.0000,     34.4944,  20364.2090,   2857.9592,      0.0000,     -7.1514
  39237.0000,  06/04/2007,    792.2305,  19530.5000,      0.0000,      0.0000,     35.1945,  20357.9258,   2842.7036,      0.0000,     -7.2439
  39238.0000,  06/05/2007,    784.9277,  19529.7617,      0.0000,      0.0000,     35.9294,  20350.6191,   2853.7166,      0.0000,     -7.3350
  39239.0000,  06/06/2007,    776.4869,  19529.0195,      0.0000,      0.0000,     36.6792,  20342.1855,   2827.6182,      0.0000,     -7.4246
  39240.0000,  06/07/2007,    766.7552,  19528.2344,      0.0000,      0.0000,     37.4740,  20332.4648,   2795.1433,      0.0000,     -7.5127
  39241.0000,  06/08/2007,    755.6107,  19527.3223,      0.0000,      0.0000,     38.3675,  20321.3008,   2769.5166,      0.0000,     -7.5994
  39242.0000,  06/09/2007,    743.0663,  19526.4492,      0.0000,      0.0000,     39.2442,  20308.7598,   2751.1484,      0.0000,     -7.6846
  39243.0000,  06/10/2007,    729.4753,  19525.5391,      0.0000,      0.0000,     40.1496,  20295.1641,   2729.0950,      0.0000,     -7.7682
  39244.0000,  06/11/2007,    717.0372,  19524.5664,      0.0000,      0.0000,     41.1312,  20282.7344,   2709.4812,      0.0000,     -7.8504
  39245.0000,  06/12/2007,    744.0151,  19523.5371,      0.0000,      0.0000,     42.1525,  20309.7051,   2693.1768,      0.0000,     -7.9313
  39246.0000,  06/13/2007,    743.0482,  19522.4824,      0.0000,      0.0000,     43.2004,  20308.7324,   2704.1426,      0.0000,     -8.0113
  39247.0000,  06/14/2007,    742.1385,  19521.5117,      0.0000,      0.0000,     44.1901,  20307.8398,   2784.5051,      0.0000,     -8.0902
  39248.0000,  06/15/2007,    741.1830,  19520.5352,      0.0000,      0.0000,     45.1471,  20306.8652,   2777.0430,      0.0000,     -8.1680
  39249.0000,  06/16/2007,    740.1576,  19519.4844,      0.0000,      0.0000,     46.2028,  20305.8457,   2750.4641,      0.0000,     -8.2448
  39250.0000,  06/17/2007,    739.0534,  19518.3223,      0.0000,      0.0000,     47.3665,  20304.7422,   2723.9148,      0.0000,     -8.3204
  39251.0000,  06/18/2007,    737.8729,  19517.1406,      0.0000,      0.0000,     48.5481,  20303.5625,   2701.0676,      0.0000,     -8.3949
  39252.0000,  06/19/2007,    736.6253,  19515.9961,      0.0000,      0.0000,     49.6907,  20302.3125,   2689.1406,      0.0000,     -8.4680
  39253.0000,  06/20/2007,    735.3165,  19514.9180,      0.0000,      0.0000,     50.7846,  20301.0195,   2665.8699,      0.0000,     -8.5399
  39254.0000,  06/21/2007,    733.9355,  19513.7773,      0.0000,      0.0000,     51.9070,  20299.6191,   2639.3821,      0.0000,     -8.6105
  39255.0000,  06/22/2007,    732.4797,  19512.6074,      0.0000,      0.0000,     53.1027,  20298.1914,   2613.3286,      0.0000,     -8.6796
  39256.0000,  06/23/2007,    730.9542,  19511.3711,      0.0000,      0.0000,     54.3170,  20296.6426,   2612.8738,      0.0000,     -8.7473
  39257.0000,  06/24/2007,    729.3683,  19510.2246,      0.0000,      0.0000,     55.4739,  20295.0684,   2597.6460,      0.0000,     -8.8135
  39258.0000,  06/25/2007,    727.7199,  19509.0723,      0.0000,      0.0000,     56.6178,  20293.4102,   2576.1633,      0.0000,     -8.8782
  39259.0000,  06/26/2007,    726.0053,  19507.8809,      0.0000,      0.0000,     57.8288,  20291.7148,   2549.5698,      0.0000,     -8.9412
  39260.0000,  06/27/2007,    758.2283,  19506.5957,      0.0000,      0.0000,     59.0897,  20323.9141,   2526.0278,      0.0000,     -9.0030
  39261.0000,  06/28/2007,    756.3925,  19505.3633,      0.0000,      0.0000,     60.3262,  20322.0820,   2510.3999,      0.0000,     -9.0635
  39262.0000,  06/29/2007,    754.5038,  19504.2031,      0.0000,      0.0000,     61.4778,  20320.1855,   2514.6648,      0.0000,     -9.1230
  39263.0000,  06/30/2007,    752.5634,  19503.0762,      0.0000,      0.0000,     62.5887,  20318.2266,   2494.6072,      0.0000,     -9.1811
  39264.0000,  07/01/2007,    750.5759,  19502.0332,      0.0000,      0.0000,     63.6773,  20316.2871,   2552.6343,      0.0000,     -9.2379
  39265.0000,  07/02/2007,    748.5380,  19500.9668,      0.0000,      0.0000,     64.7311,  20314.2344,   2531.4678,      0.0000,     -9.2934
  39266.0000,  07/03/2007,    746.4489,  19499.8887,      0.0000,      0.0000,     65.8275,  20312.1660,   2511.7002,      0.0000,     -9.3475
  39267.0000,  07/04/2007,    744.3075,  19498.7051,      0.0000,      0.0000,     67.0010,  20310.0117,   2489.8315,      0.0000,     -9.4002
  39268.0000,  07/05/2007,    742.1139,  19497.4648,      0.0000,      0.0000,     68.2370,  20307.8145,   2466.9526,      0.0000,     -9.4512
  39269.0000,  07/06/2007,    739.8764,  19496.2988,      0.0000,      0.0000,     69.4092,  20305.5859,   2515.3650,      0.0000,     -9.5005
  39270.0000,  07/07/2007,    737.5931,  19495.0703,      0.0000,      0.0000,     70.6548,  20303.3184,   2488.9143,      0.0000,     -9.5482
  39271.0000,  07/08/2007,    735.2658,  19493.7227,      0.0000,      0.0000,     71.9984,  20300.9863,   2457.8855,      0.0000,     -9.5945
  39272.0000,  07/09/2007,    732.8967,  19492.3418,      0.0000,      0.0000,     73.4026,  20298.6406,   2427.3682,      0.0000,     -9.6396
  39273.0000,  07/10/2007,    730.4901,  19491.0742,      0.0000,      0.0000,     74.6531,  20296.2168,   2495.7725,      0.0000,     -9.6833
  39274.0000,  07/11/2007,    728.0445,  19489.8672,      0.0000,      0.0000,     75.8694,  20293.7812,   2476.1411,      0.0000,     -9.7259
  39275.0000,  07/12/2007,    725.5605,  19488.7500,      0.0000,      0.0000,     77.0012,  20291.3125,   2523.4832,      0.0000,     -9.7672
  39276.0000,  07/13/2007,    723.0361,  19487.6562,      0.0000,      0.0000,     78.0806,  20288.7715,   2526.9180,      0.0000,     -9.8072
  39277.0000,  07/14/2007,    720.4768,  19486.5879,      0.0000,      0.0000,     79.1537,  20286.2188,   2504.8691,      0.0000,     -9.8458
  39278.0000,  07/15/2007,    717.8814,  19485.4609,      0.0000,      0.0000,     80.2891,  20283.6309,   2480.6396,      0.0000,     -9.8831
  39279.0000,  07/16/2007,    715.2498,  19484.2617,      0.0000,      0.0000,     81.4907,  20281.0020,   2508.1370,      0.0000,     -9.9190
  39280.0000,  07/17/2007,    712.5858,  19483.0996,      0.0000,      0.0000,     82.6468,  20278.3320,   2503.4709,      0.0000,     -9.9535
  39281.0000,  07/18/2007,    709.8866,  19481.8203,      0.0000,      0.0000,     83.9077,  20275.6152,   2476.1194,      0.0000,     -9.9871
  39282.0000,  07/19/2007,    707.1614,  19480.4883,      0.0000,      0.0000,     85.2589,  20272.9102,   2453.3203,      0.0000,    -10.0197
  39283.0000,  07/20/2007,    704.4091,  19479.2266,      0.0000,      0.0000,     86.5173,  20270.1523,   2489.5220,      0.0000,    -10.0513
  39284.0000,  07/21/2007,    701.6348,  19478.0684,      0.0000,      0.0000,     87.6552,  20267.3574,   2532.7139,      0.0000,    -10.0819
  39285.0000,  07/22/2007,    698.8301,  19476.8926,      0.0000,      0.0000,     88.7889,  20264.5117,   2514.2646,      0.0000,    -10.1117
  39286.0000,  07/23/2007,    695.9958,  19475.6973,      0.0000,      0.0000,     89.9695,  20261.6621,   2497.1604,      0.0000,    -10.1405
  39287.0000,  07/24/2007,    693.1388,  19474.4141,      0.0000,      0.0000,     91.1928,  20258.7461,   2483.4072,      0.0000,    -10.1684
  39288.0000,  07/25/2007,    690.2614,  19473.1152,      0.0000,      0.0000,     92.4638,  20255.8398,   2463.2378,      0.0000,    -10.1953
  39289.0000,  07/26/2007,    687.3639,  19471.7871,      0.0000,      0.0000,     93.7876,  20252.9375,   2496.9072,      0.0000,    -10.2211
  39290.0000,  07/27/2007,    684.4836,  19470.5098,      0.0000,      0.0000,     94.9397,  20249.9336,   2499.2041,      0.0000,    -10.2462
  39291.0000,  07/28/2007,    681.5930,  19469.2695,      0.0000,      0.0000,     96.0437,  20246.9062,   2512.2698,      0.0000,    -10.2706
  39292.0000,  07/29/2007,    678.6813,  19468.0098,      0.0000,      0.0000,     97.1565,  20243.8477,   2503.7617,      0.0000,    -10.2943
  39293.0000,  07/30/2007,    675.7490,  19466.8008,      0.0000,      0.0000,     98.2554,  20240.8066,   2497.0093,      0.0000,    -10.3175
  39294.0000,  07/31/2007,    672.8063,  19465.6113,      0.0000,      0.0000,     99.3449,  20237.7637,   2541.2170,      0.0000,    -10.3401
  39295.0000,  08/01/2007,    669.8680,  19464.4297,      0.0000,      0.0000,    100.3224,  20234.6191,   2522.6406,      0.0000,    -10.3620
  39296.0000,  08/02/2007,    666.9109,  19463.2422,      0.0000,      0.0000,    101.3321,  20231.4844,   2524.6746,      0.0000,    -10.3834
  39297.0000,  08/03/2007,    663.9472,  19462.0645,      0.0000,      0.0000,    102.3233,  20228.3359,   2508.4724,      0.0000,    -10.4042
  39298.0000,  08/04/2007,    660.9627,  19460.8379,      0.0000,      0.0000,    103.3532,  20225.1543,   2488.9978,      0.0000,    -10.4244
  39299.0000,  08/05/2007,    657.9825,  19459.5430,      0.0000,      0.0000,    104.4298,  20221.9551,   2463.3545,      0.0000,    -10.4440
  39300.0000,  08/06/2007,    654.9812,  19458.1641,      0.0000,      0.0000,    105.6057,  20218.7500,   2449.7339,      0.0000,    -10.4631
  39301.0000,  08/07/2007,    651.9572,  19456.8730,      0.0000,      0.0000,    106.7224,  20215.5527,   2524.0125,      0.0000,    -10.4815
  39302.0000,  08/08/2007,    648.9390,  19455.6562,      0.0000,      0.0000,    107.7047,  20212.3008,   2522.3374,      0.0000,    -10.4996
  39303.0000,  08/09/2007,    645.9183,  19454.5020,      0.0000,      0.0000,    108.6060,  20209.0254,   2563.5334,      0.0000,    -10.5173
  39304.0000,  08/10/2007,    642.9357,  19453.3125,      0.0000,      0.0000,    109.4016,  20205.6504,   2577.8208,      0.0000,    -10.5346
  39305.0000,  08/11/2007,    639.9473,  19452.1328,      0.0000,      0.0000,    110.1631,  20202.2441,   2572.4055,      0.0000,    -10.5517
  39306.0000,  08/12/2007,    636.9728,  19450.8750,      0.0000,      0.0000,    110.9387,  20198.7871,   2552.9165,      0.0000,    -10.5683
  39307.0000,  08/13/2007,    633.9579,  19449.5996,      0.0000,      0.0000,    111.8166,  20195.3730,   2595.6025,      0.0000,    -10.5846
  39308.0000,  08/14/2007,    630.9534,  19448.3926,      0.0000,      0.0000,    112.5781,  20191.9238,   2578.0444,      0.0000,    -10.6006
  39309.0000,  08/15/2007,    627.9665,  19447.0820,      0.0000,      0.0000,    113.3522,  20188.4004,   2556.8662,      0.0000,    -10.6163
  39310.0000,  08/16/2007,    624.9335,  19445.7285,      0.0000,      0.0000,    114.2391,  20184.9004,   2551.8662,      0.0000,    -10.6317
  39311.0000,  08/17/2007,    621.8678,  19444.4551,      0.0000,      0.0000,    115.1560,  20181.4785,   2558.3801,      0.0000,    -10.6468
  39312.0000,  08/18/2007,    618.7865,  19443.2285,      0.0000,      0.0000,    116.0654,  20178.0801,   2553.3042,      0.0000,    -10.6616
  39313.0000,  08/19/2007,    615.7193,  19441.9551,      0.0000,      0.0000,    116.9544,  20174.6289,   2536.6238,      0.0001,    -10.6760
  39314.0000,  08/20/2007,    612.6578,  19440.5918,      0.0000,      0.0000,    117.8787,  20171.1289,   2523.7168,      0.0001,    -10.6902
  39315.0000,  08/21/2007,    609.5652,  19439.2617,      0.0000,      0.0000,    118.8663,  20167.6934,   2561.1760,      0.0001,    -10.7040
  39316.0000,  08/22/2007,    606.4874,  19437.9277,      0.0000,      0.0000,    119.7617,  20164.1777,   2543.0071,      0.0001,    -10.7176
  39317.0000,  08/23/2007,    603.3842,  19436.6133,      0.0000,      0.0000,    120.6995,  20160.6973,   2576.8711,      0.0001,    -10.7308
  39318.0000,  08/24/2007,    600.2576,  19435.4180,      0.0000,      0.0000,    121.5534,  20157.2285,   2613.0188,      0.0001,    -10.7438
  39319.0000,  08/25/2007,    597.1351,  19434.3203,      0.0000,      0.0000,    122.3027,  20153.7578,   2607.7578,      0.0001,    -10.7567
  39320.0000,  08/26/2007,    594.0275,  19433.2012,      0.0000,      0.0000,    122.9851,  20150.2129,   2591.0469,      0.0001,    -10.7694
  39321.0000,  08/27/2007,    590.9308,  19432.0801,      0.0000,      0.0000,    123.6456,  20146.6582,   2577.8625,      0.0001,    -10.7820
  39322.0000,  08/28/2007,    587.8831,  19430.8203,      0.0000,      0.0000,    124.2646,  20142.9668,   2555.2207,      0.0001,    -10.7944
  39323.0000,  08/29/2007,    584.7912,  19429.5664,      0.0000,      0.0000,    125.0053,  20139.3633,   2633.4426,      0.0001,    -10.8065
  39324.0000,  08/30/2007,    581.6415,  19428.4922,      0.0000,      0.0000,    125.7230,  20135.8555,   2625.4070,      0.0001,    -10.8186
  39325.0000,  08/31/2007,    578.5132,  19427.4277,      0.0000,      0.0000,    126.3555,  20132.2969,   2605.9858,      0.0001,    -10.8305
  39326.0000,  09/01/2007,    575.3893,  19426.3242,      0.0000,      0.0000,    126.9746,  20128.6875,   2585.8274,      0.0001,    -10.8423
  39327.0000,  09/02/2007,    572.2632,  19425.2500,      0.0000,      0.0000,    127.5975,  20125.1113,   2565.2603,      0.0001,    -10.8540
  39328.0000,  09/03/2007,    569.1328,  19424.1270,      0.0000,      0.0000,    128.2385,  20121.4980,   2545.9045,      0.0001,    -10.8655
